================================================================================
SYNC COMPLETION REPORT
================================================================================
Sync Type: full
Completion Time: 2025-08-22T11:31:30.264Z
Duration: 167 seconds
SYNC STATISTICS:
----------------------------------------
Total Users Processed: 3067
Users Created: 3062
Users Updated: 3
Users Skipped: 0
Errors Encountered: 2
Success Rate: 100%
SYNC STATUS:
----------------------------------------
Status: COMPLETED SUCCESSFULLY
DETAILED BREAKDOWN:
----------------------------------------
Start Time: 2025-08-22T11:28:43.264Z
End Time: 2025-08-22T11:31:30.264Z
Processing Rate: 18.37 users/second
SYNC COMPLETED SUCCESSFULLY
================================================================================