================================================================================
SYNC COMPLETION REPORT
================================================================================
Sync Type: full
Completion Time: 2025-08-22T10:24:13.039Z
Duration: 103 seconds
SYNC STATISTICS:
----------------------------------------
Total Users Processed: 3067
Users Created: 4
Users Updated: 3061
Users Skipped: 0
Errors Encountered: 2
Success Rate: 100%
SYNC STATUS:
----------------------------------------
Status: COMPLETED SUCCESSFULLY
DETAILED BREAKDOWN:
----------------------------------------
Start Time: 2025-08-22T10:22:30.039Z
End Time: 2025-08-22T10:24:13.039Z
Processing Rate: 29.78 users/second
SYNC COMPLETED SUCCESSFULLY
================================================================================