================================================================================
SYNC COMPLETION REPORT
================================================================================
Sync Type: full
Completion Time: 2025-08-28T10:25:57.233Z
Duration: 53 seconds
SYNC STATISTICS:
----------------------------------------
Total Users Processed: 3074
Users Created: 0
Users Updated: 8
Users Skipped: 3064
Errors Encountered: 2
Success Rate: 0%
SYNC STATUS:
----------------------------------------
Status: COMPLETED SUCCESSFULLY
DETAILED BREAKDOWN:
----------------------------------------
Start Time: 2025-08-28T10:25:04.233Z
End Time: 2025-08-28T10:25:57.233Z
Processing Rate: 58.00 users/second
SYNC COMPLETED SUCCESSFULLY
================================================================================