================================================================================
SYNC COMPLETION REPORT
================================================================================
Sync Type: test
Completion Time: 2025-08-22T10:18:53.182Z
Duration: 120 seconds
SYNC STATISTICS:
----------------------------------------
Total Users Processed: 50
Users Created: 10
Users Updated: 30
Users Skipped: 5
Errors Encountered: 5
Success Rate: 90%
SYNC STATUS:
----------------------------------------
Status: COMPLETED SUCCESSFULLY
DETAILED BREAKDOWN:
----------------------------------------
Start Time: 2025-08-22T10:16:53.182Z
End Time: 2025-08-22T10:18:53.182Z
Processing Rate: 0.42 users/second
SYNC COMPLETED SUCCESSFULLY
================================================================================